<?xml version="1.0" encoding="UTF-8"?>
<!-- Generated by org.testng.reporters.JUnitXMLReporter -->
<testsuite hostname="Jay-Epps-SL0200.frontierlocal.net" ignored="0" name="Command line test" tests="10" failures="0" timestamp="27 Apr 2018 19:28:10 GMT" time="200.114" errors="0">
  <testcase name="longTest" time="115.024" classname="com.saucelabs.Tests.LongTest"/>
  <testcase name="longTest" time="115.234" classname="com.saucelabs.Tests.LongTest"/>
  <testcase name="longTest" time="119.449" classname="com.saucelabs.Tests.LongTest"/>
  <testcase name="longTest" time="119.669" classname="com.saucelabs.Tests.LongTest"/>
  <testcase name="longTest" time="122.102" classname="com.saucelabs.Tests.LongTest"/>
  <testcase name="twoPlusTwoOperation" time="72.184" classname="com.saucelabs.Tests.TwoPlusTwoTest"/>
  <testcase name="twoPlusTwoOperation" time="73.164" classname="com.saucelabs.Tests.TwoPlusTwoTest"/>
  <testcase name="twoPlusTwoOperation" time="73.314" classname="com.saucelabs.Tests.TwoPlusTwoTest"/>
  <testcase name="twoPlusTwoOperation" time="73.403" classname="com.saucelabs.Tests.TwoPlusTwoTest"/>
  <testcase name="twoPlusTwoOperation" time="74.368" classname="com.saucelabs.Tests.TwoPlusTwoTest"/>
</testsuite> <!-- Command line test -->
