<?xml version="1.0" encoding="UTF-8"?>
<!-- Generated by org.testng.reporters.JUnitXMLReporter -->
<testsuite hostname="Jay-Epps-SL0200.frontierlocal.net" ignored="0" name="Command line test" tests="10" failures="0" timestamp="10 Apr 2018 14:17:49 GMT" time="195.079" errors="0">
  <testcase name="longTest" time="108.749" classname="com.saucelabs.Tests.LongTest"/>
  <testcase name="longTest" time="110.099" classname="com.saucelabs.Tests.LongTest"/>
  <testcase name="longTest" time="110.198" classname="com.saucelabs.Tests.LongTest"/>
  <testcase name="longTest" time="114.457" classname="com.saucelabs.Tests.LongTest"/>
  <testcase name="longTest" time="115.165" classname="com.saucelabs.Tests.LongTest"/>
  <testcase name="twoPlusTwoOperation" time="67.87" classname="com.saucelabs.Tests.TwoPlusTwoTest"/>
  <testcase name="twoPlusTwoOperation" time="69.013" classname="com.saucelabs.Tests.TwoPlusTwoTest"/>
  <testcase name="twoPlusTwoOperation" time="72.075" classname="com.saucelabs.Tests.TwoPlusTwoTest"/>
  <testcase name="twoPlusTwoOperation" time="76.678" classname="com.saucelabs.Tests.TwoPlusTwoTest"/>
  <testcase name="twoPlusTwoOperation" time="77.729" classname="com.saucelabs.Tests.TwoPlusTwoTest"/>
</testsuite> <!-- Command line test -->
