<?xml version="1.0" encoding="UTF-8"?>
<testng-results skipped="0" failed="0" ignored="0" total="10" passed="10">
  <reporter-output>
  </reporter-output>
  <suite name="Command line suite" duration-ms="195079" started-at="2018-04-10T14:14:34Z" finished-at="2018-04-10T14:17:49Z">
    <groups>
    </groups>
    <test name="Command line test" duration-ms="195079" started-at="2018-04-10T14:14:34Z" finished-at="2018-04-10T14:17:49Z">
      <class name="com.saucelabs.Tests.LongTest">
        <test-method status="PASS" signature="longTest(java.lang.String, java.lang.String, java.lang.String, java.lang.reflect.Method)[pri:0, instance:com.saucelabs.Tests.LongTest@5419f379]" name="longTest" duration-ms="110198" started-at="2018-04-10T10:14:34Z" data-provider="devices" finished-at="2018-04-10T10:16:24Z">
          <params>
            <param index="0">
              <value>
                <![CDATA[Android]]>
              </value>
            </param>
            <param index="1">
              <value>
                <![CDATA[Samsung Galaxy S6 GoogleAPI Emulator]]>
              </value>
            </param>
            <param index="2">
              <value>
                <![CDATA[7.1]]>
              </value>
            </param>
            <param index="3">
              <value>
                <![CDATA[public void com.saucelabs.Tests.LongTest.longTest(java.lang.String,java.lang.String,java.lang.String,java.lang.reflect.Method) throws java.net.MalformedURLException,org.openqa.selenium.InvalidElementStateException,java.rmi.UnexpectedException]]>
              </value>
            </param>
          </params>
          <reporter-output>
          </reporter-output>
        </test-method> <!-- longTest -->
        <test-method status="PASS" signature="longTest(java.lang.String, java.lang.String, java.lang.String, java.lang.reflect.Method)[pri:0, instance:com.saucelabs.Tests.LongTest@5419f379]" name="longTest" duration-ms="110099" started-at="2018-04-10T10:14:34Z" data-provider="devices" finished-at="2018-04-10T10:16:24Z">
          <params>
            <param index="0">
              <value>
                <![CDATA[Android]]>
              </value>
            </param>
            <param index="1">
              <value>
                <![CDATA[Samsung Galaxy S8 Plus GoogleAPI Emulator]]>
              </value>
            </param>
            <param index="2">
              <value>
                <![CDATA[7.1]]>
              </value>
            </param>
            <param index="3">
              <value>
                <![CDATA[public void com.saucelabs.Tests.LongTest.longTest(java.lang.String,java.lang.String,java.lang.String,java.lang.reflect.Method) throws java.net.MalformedURLException,org.openqa.selenium.InvalidElementStateException,java.rmi.UnexpectedException]]>
              </value>
            </param>
          </params>
          <reporter-output>
          </reporter-output>
        </test-method> <!-- longTest -->
        <test-method status="PASS" signature="longTest(java.lang.String, java.lang.String, java.lang.String, java.lang.reflect.Method)[pri:0, instance:com.saucelabs.Tests.LongTest@5419f379]" name="longTest" duration-ms="115165" started-at="2018-04-10T10:14:34Z" data-provider="devices" finished-at="2018-04-10T10:16:29Z">
          <params>
            <param index="0">
              <value>
                <![CDATA[Android]]>
              </value>
            </param>
            <param index="1">
              <value>
                <![CDATA[Samsung Galaxy S8 GoogleAPI Emulator]]>
              </value>
            </param>
            <param index="2">
              <value>
                <![CDATA[7.1]]>
              </value>
            </param>
            <param index="3">
              <value>
                <![CDATA[public void com.saucelabs.Tests.LongTest.longTest(java.lang.String,java.lang.String,java.lang.String,java.lang.reflect.Method) throws java.net.MalformedURLException,org.openqa.selenium.InvalidElementStateException,java.rmi.UnexpectedException]]>
              </value>
            </param>
          </params>
          <reporter-output>
          </reporter-output>
        </test-method> <!-- longTest -->
        <test-method status="PASS" signature="longTest(java.lang.String, java.lang.String, java.lang.String, java.lang.reflect.Method)[pri:0, instance:com.saucelabs.Tests.LongTest@5419f379]" name="longTest" duration-ms="114457" started-at="2018-04-10T10:14:34Z" data-provider="devices" finished-at="2018-04-10T10:16:29Z">
          <params>
            <param index="0">
              <value>
                <![CDATA[Android]]>
              </value>
            </param>
            <param index="1">
              <value>
                <![CDATA[Samsung Galaxy S7 Edge GoogleAPI Emulator]]>
              </value>
            </param>
            <param index="2">
              <value>
                <![CDATA[7.1]]>
              </value>
            </param>
            <param index="3">
              <value>
                <![CDATA[public void com.saucelabs.Tests.LongTest.longTest(java.lang.String,java.lang.String,java.lang.String,java.lang.reflect.Method) throws java.net.MalformedURLException,org.openqa.selenium.InvalidElementStateException,java.rmi.UnexpectedException]]>
              </value>
            </param>
          </params>
          <reporter-output>
          </reporter-output>
        </test-method> <!-- longTest -->
        <test-method status="PASS" signature="longTest(java.lang.String, java.lang.String, java.lang.String, java.lang.reflect.Method)[pri:0, instance:com.saucelabs.Tests.LongTest@5419f379]" name="longTest" duration-ms="108749" started-at="2018-04-10T10:14:34Z" data-provider="devices" finished-at="2018-04-10T10:16:23Z">
          <params>
            <param index="0">
              <value>
                <![CDATA[Android]]>
              </value>
            </param>
            <param index="1">
              <value>
                <![CDATA[Samsung Galaxy S7 GoogleAPI Emulator]]>
              </value>
            </param>
            <param index="2">
              <value>
                <![CDATA[7.1]]>
              </value>
            </param>
            <param index="3">
              <value>
                <![CDATA[public void com.saucelabs.Tests.LongTest.longTest(java.lang.String,java.lang.String,java.lang.String,java.lang.reflect.Method) throws java.net.MalformedURLException,org.openqa.selenium.InvalidElementStateException,java.rmi.UnexpectedException]]>
              </value>
            </param>
          </params>
          <reporter-output>
          </reporter-output>
        </test-method> <!-- longTest -->
        <test-method status="PASS" signature="tearDown(org.testng.ITestResult)[pri:0, instance:com.saucelabs.Tests.LongTest@5419f379]" name="tearDown" is-config="true" duration-ms="971" started-at="2018-04-10T10:16:23Z" finished-at="2018-04-10T10:16:24Z">
          <params>
            <param index="0">
              <value>
                <![CDATA[[TestResult name=longTest status=SUCCESS method=LongTest.longTest(java.lang.String, java.lang.String, java.lang.String, java.lang.reflect.Method)[pri:0, instance:com.saucelabs.Tests.LongTest@5419f379] output={null}]]]>
              </value>
            </param>
          </params>
          <reporter-output>
          </reporter-output>
        </test-method> <!-- tearDown -->
        <test-method status="PASS" signature="tearDown(org.testng.ITestResult)[pri:0, instance:com.saucelabs.Tests.LongTest@5419f379]" name="tearDown" is-config="true" duration-ms="954" started-at="2018-04-10T10:16:24Z" finished-at="2018-04-10T10:16:25Z">
          <params>
            <param index="0">
              <value>
                <![CDATA[[TestResult name=longTest status=SUCCESS method=LongTest.longTest(java.lang.String, java.lang.String, java.lang.String, java.lang.reflect.Method)[pri:0, instance:com.saucelabs.Tests.LongTest@5419f379] output={null}]]]>
              </value>
            </param>
          </params>
          <reporter-output>
          </reporter-output>
        </test-method> <!-- tearDown -->
        <test-method status="PASS" signature="tearDown(org.testng.ITestResult)[pri:0, instance:com.saucelabs.Tests.LongTest@5419f379]" name="tearDown" is-config="true" duration-ms="1109" started-at="2018-04-10T10:16:24Z" finished-at="2018-04-10T10:16:26Z">
          <params>
            <param index="0">
              <value>
                <![CDATA[[TestResult name=longTest status=SUCCESS method=LongTest.longTest(java.lang.String, java.lang.String, java.lang.String, java.lang.reflect.Method)[pri:0, instance:com.saucelabs.Tests.LongTest@5419f379] output={null}]]]>
              </value>
            </param>
          </params>
          <reporter-output>
          </reporter-output>
        </test-method> <!-- tearDown -->
        <test-method status="PASS" signature="tearDown(org.testng.ITestResult)[pri:0, instance:com.saucelabs.Tests.LongTest@5419f379]" name="tearDown" is-config="true" duration-ms="1041" started-at="2018-04-10T10:16:29Z" finished-at="2018-04-10T10:16:30Z">
          <params>
            <param index="0">
              <value>
                <![CDATA[[TestResult name=longTest status=SUCCESS method=LongTest.longTest(java.lang.String, java.lang.String, java.lang.String, java.lang.reflect.Method)[pri:0, instance:com.saucelabs.Tests.LongTest@5419f379] output={null}]]]>
              </value>
            </param>
          </params>
          <reporter-output>
          </reporter-output>
        </test-method> <!-- tearDown -->
        <test-method status="PASS" signature="tearDown(org.testng.ITestResult)[pri:0, instance:com.saucelabs.Tests.LongTest@5419f379]" name="tearDown" is-config="true" duration-ms="978" started-at="2018-04-10T10:16:29Z" finished-at="2018-04-10T10:16:30Z">
          <params>
            <param index="0">
              <value>
                <![CDATA[[TestResult name=longTest status=SUCCESS method=LongTest.longTest(java.lang.String, java.lang.String, java.lang.String, java.lang.reflect.Method)[pri:0, instance:com.saucelabs.Tests.LongTest@5419f379] output={null}]]]>
              </value>
            </param>
          </params>
          <reporter-output>
          </reporter-output>
        </test-method> <!-- tearDown -->
      </class> <!-- com.saucelabs.Tests.LongTest -->
      <class name="com.saucelabs.Tests.TwoPlusTwoTest">
        <test-method status="PASS" signature="twoPlusTwoOperation(java.lang.String, java.lang.String, java.lang.String, java.lang.reflect.Method)[pri:0, instance:com.saucelabs.Tests.TwoPlusTwoTest@4520ebad]" name="twoPlusTwoOperation" duration-ms="69013" started-at="2018-04-10T10:16:30Z" data-provider="devices" finished-at="2018-04-10T10:17:39Z">
          <params>
            <param index="0">
              <value>
                <![CDATA[Android]]>
              </value>
            </param>
            <param index="1">
              <value>
                <![CDATA[Samsung Galaxy S8 Plus GoogleAPI Emulator]]>
              </value>
            </param>
            <param index="2">
              <value>
                <![CDATA[7.1]]>
              </value>
            </param>
            <param index="3">
              <value>
                <![CDATA[public void com.saucelabs.Tests.TwoPlusTwoTest.twoPlusTwoOperation(java.lang.String,java.lang.String,java.lang.String,java.lang.reflect.Method) throws java.net.MalformedURLException,org.openqa.selenium.InvalidElementStateException,java.rmi.UnexpectedException]]>
              </value>
            </param>
          </params>
          <reporter-output>
          </reporter-output>
        </test-method> <!-- twoPlusTwoOperation -->
        <test-method status="PASS" signature="twoPlusTwoOperation(java.lang.String, java.lang.String, java.lang.String, java.lang.reflect.Method)[pri:0, instance:com.saucelabs.Tests.TwoPlusTwoTest@4520ebad]" name="twoPlusTwoOperation" duration-ms="76678" started-at="2018-04-10T10:16:30Z" data-provider="devices" finished-at="2018-04-10T10:17:47Z">
          <params>
            <param index="0">
              <value>
                <![CDATA[Android]]>
              </value>
            </param>
            <param index="1">
              <value>
                <![CDATA[Samsung Galaxy S7 GoogleAPI Emulator]]>
              </value>
            </param>
            <param index="2">
              <value>
                <![CDATA[7.1]]>
              </value>
            </param>
            <param index="3">
              <value>
                <![CDATA[public void com.saucelabs.Tests.TwoPlusTwoTest.twoPlusTwoOperation(java.lang.String,java.lang.String,java.lang.String,java.lang.reflect.Method) throws java.net.MalformedURLException,org.openqa.selenium.InvalidElementStateException,java.rmi.UnexpectedException]]>
              </value>
            </param>
          </params>
          <reporter-output>
          </reporter-output>
        </test-method> <!-- twoPlusTwoOperation -->
        <test-method status="PASS" signature="twoPlusTwoOperation(java.lang.String, java.lang.String, java.lang.String, java.lang.reflect.Method)[pri:0, instance:com.saucelabs.Tests.TwoPlusTwoTest@4520ebad]" name="twoPlusTwoOperation" duration-ms="77729" started-at="2018-04-10T10:16:30Z" data-provider="devices" finished-at="2018-04-10T10:17:48Z">
          <params>
            <param index="0">
              <value>
                <![CDATA[Android]]>
              </value>
            </param>
            <param index="1">
              <value>
                <![CDATA[Samsung Galaxy S8 GoogleAPI Emulator]]>
              </value>
            </param>
            <param index="2">
              <value>
                <![CDATA[7.1]]>
              </value>
            </param>
            <param index="3">
              <value>
                <![CDATA[public void com.saucelabs.Tests.TwoPlusTwoTest.twoPlusTwoOperation(java.lang.String,java.lang.String,java.lang.String,java.lang.reflect.Method) throws java.net.MalformedURLException,org.openqa.selenium.InvalidElementStateException,java.rmi.UnexpectedException]]>
              </value>
            </param>
          </params>
          <reporter-output>
          </reporter-output>
        </test-method> <!-- twoPlusTwoOperation -->
        <test-method status="PASS" signature="twoPlusTwoOperation(java.lang.String, java.lang.String, java.lang.String, java.lang.reflect.Method)[pri:0, instance:com.saucelabs.Tests.TwoPlusTwoTest@4520ebad]" name="twoPlusTwoOperation" duration-ms="72075" started-at="2018-04-10T10:16:30Z" data-provider="devices" finished-at="2018-04-10T10:17:42Z">
          <params>
            <param index="0">
              <value>
                <![CDATA[Android]]>
              </value>
            </param>
            <param index="1">
              <value>
                <![CDATA[Samsung Galaxy S7 Edge GoogleAPI Emulator]]>
              </value>
            </param>
            <param index="2">
              <value>
                <![CDATA[7.1]]>
              </value>
            </param>
            <param index="3">
              <value>
                <![CDATA[public void com.saucelabs.Tests.TwoPlusTwoTest.twoPlusTwoOperation(java.lang.String,java.lang.String,java.lang.String,java.lang.reflect.Method) throws java.net.MalformedURLException,org.openqa.selenium.InvalidElementStateException,java.rmi.UnexpectedException]]>
              </value>
            </param>
          </params>
          <reporter-output>
          </reporter-output>
        </test-method> <!-- twoPlusTwoOperation -->
        <test-method status="PASS" signature="twoPlusTwoOperation(java.lang.String, java.lang.String, java.lang.String, java.lang.reflect.Method)[pri:0, instance:com.saucelabs.Tests.TwoPlusTwoTest@4520ebad]" name="twoPlusTwoOperation" duration-ms="67870" started-at="2018-04-10T10:16:30Z" data-provider="devices" finished-at="2018-04-10T10:17:38Z">
          <params>
            <param index="0">
              <value>
                <![CDATA[Android]]>
              </value>
            </param>
            <param index="1">
              <value>
                <![CDATA[Samsung Galaxy S6 GoogleAPI Emulator]]>
              </value>
            </param>
            <param index="2">
              <value>
                <![CDATA[7.1]]>
              </value>
            </param>
            <param index="3">
              <value>
                <![CDATA[public void com.saucelabs.Tests.TwoPlusTwoTest.twoPlusTwoOperation(java.lang.String,java.lang.String,java.lang.String,java.lang.reflect.Method) throws java.net.MalformedURLException,org.openqa.selenium.InvalidElementStateException,java.rmi.UnexpectedException]]>
              </value>
            </param>
          </params>
          <reporter-output>
          </reporter-output>
        </test-method> <!-- twoPlusTwoOperation -->
        <test-method status="PASS" signature="tearDown(org.testng.ITestResult)[pri:0, instance:com.saucelabs.Tests.TwoPlusTwoTest@4520ebad]" name="tearDown" is-config="true" duration-ms="1002" started-at="2018-04-10T10:17:38Z" finished-at="2018-04-10T10:17:39Z">
          <params>
            <param index="0">
              <value>
                <![CDATA[[TestResult name=twoPlusTwoOperation status=SUCCESS method=TwoPlusTwoTest.twoPlusTwoOperation(java.lang.String, java.lang.String, java.lang.String, java.lang.reflect.Method)[pri:0, instance:com.saucelabs.Tests.TwoPlusTwoTest@4520ebad] output={null}]]]>
              </value>
            </param>
          </params>
          <reporter-output>
          </reporter-output>
        </test-method> <!-- tearDown -->
        <test-method status="PASS" signature="tearDown(org.testng.ITestResult)[pri:0, instance:com.saucelabs.Tests.TwoPlusTwoTest@4520ebad]" name="tearDown" is-config="true" duration-ms="1022" started-at="2018-04-10T10:17:39Z" finished-at="2018-04-10T10:17:40Z">
          <params>
            <param index="0">
              <value>
                <![CDATA[[TestResult name=twoPlusTwoOperation status=SUCCESS method=TwoPlusTwoTest.twoPlusTwoOperation(java.lang.String, java.lang.String, java.lang.String, java.lang.reflect.Method)[pri:0, instance:com.saucelabs.Tests.TwoPlusTwoTest@4520ebad] output={null}]]]>
              </value>
            </param>
          </params>
          <reporter-output>
          </reporter-output>
        </test-method> <!-- tearDown -->
        <test-method status="PASS" signature="tearDown(org.testng.ITestResult)[pri:0, instance:com.saucelabs.Tests.TwoPlusTwoTest@4520ebad]" name="tearDown" is-config="true" duration-ms="954" started-at="2018-04-10T10:17:42Z" finished-at="2018-04-10T10:17:43Z">
          <params>
            <param index="0">
              <value>
                <![CDATA[[TestResult name=twoPlusTwoOperation status=SUCCESS method=TwoPlusTwoTest.twoPlusTwoOperation(java.lang.String, java.lang.String, java.lang.String, java.lang.reflect.Method)[pri:0, instance:com.saucelabs.Tests.TwoPlusTwoTest@4520ebad] output={null}]]]>
              </value>
            </param>
          </params>
          <reporter-output>
          </reporter-output>
        </test-method> <!-- tearDown -->
        <test-method status="PASS" signature="tearDown(org.testng.ITestResult)[pri:0, instance:com.saucelabs.Tests.TwoPlusTwoTest@4520ebad]" name="tearDown" is-config="true" duration-ms="964" started-at="2018-04-10T10:17:47Z" finished-at="2018-04-10T10:17:48Z">
          <params>
            <param index="0">
              <value>
                <![CDATA[[TestResult name=twoPlusTwoOperation status=SUCCESS method=TwoPlusTwoTest.twoPlusTwoOperation(java.lang.String, java.lang.String, java.lang.String, java.lang.reflect.Method)[pri:0, instance:com.saucelabs.Tests.TwoPlusTwoTest@4520ebad] output={null}]]]>
              </value>
            </param>
          </params>
          <reporter-output>
          </reporter-output>
        </test-method> <!-- tearDown -->
        <test-method status="PASS" signature="tearDown(org.testng.ITestResult)[pri:0, instance:com.saucelabs.Tests.TwoPlusTwoTest@4520ebad]" name="tearDown" is-config="true" duration-ms="1132" started-at="2018-04-10T10:17:48Z" finished-at="2018-04-10T10:17:49Z">
          <params>
            <param index="0">
              <value>
                <![CDATA[[TestResult name=twoPlusTwoOperation status=SUCCESS method=TwoPlusTwoTest.twoPlusTwoOperation(java.lang.String, java.lang.String, java.lang.String, java.lang.reflect.Method)[pri:0, instance:com.saucelabs.Tests.TwoPlusTwoTest@4520ebad] output={null}]]]>
              </value>
            </param>
          </params>
          <reporter-output>
          </reporter-output>
        </test-method> <!-- tearDown -->
      </class> <!-- com.saucelabs.Tests.TwoPlusTwoTest -->
    </test> <!-- Command line test -->
  </suite> <!-- Command line suite -->
</testng-results>
