<?xml version="1.0" encoding="UTF-8"?>
<testng-results skipped="0" failed="0" ignored="0" total="10" passed="10">
  <reporter-output>
  </reporter-output>
  <suite name="Command line suite" duration-ms="200114" started-at="2018-04-27T19:24:49Z" finished-at="2018-04-27T19:28:09Z">
    <groups>
    </groups>
    <test name="Command line test" duration-ms="200114" started-at="2018-04-27T19:24:49Z" finished-at="2018-04-27T19:28:09Z">
      <class name="com.saucelabs.Tests.LongTest">
        <test-method status="PASS" signature="longTest(java.lang.String, java.lang.String, java.lang.String, java.lang.reflect.Method)[pri:0, instance:com.saucelabs.Tests.LongTest@5419f379]" name="longTest" duration-ms="115234" started-at="2018-04-27T15:24:49Z" data-provider="devices" finished-at="2018-04-27T15:26:44Z">
          <params>
            <param index="0">
              <value>
                <![CDATA[Android]]>
              </value>
            </param>
            <param index="1">
              <value>
                <![CDATA[Samsung Galaxy S7 Edge GoogleAPI Emulator]]>
              </value>
            </param>
            <param index="2">
              <value>
                <![CDATA[7.1]]>
              </value>
            </param>
            <param index="3">
              <value>
                <![CDATA[public void com.saucelabs.Tests.LongTest.longTest(java.lang.String,java.lang.String,java.lang.String,java.lang.reflect.Method) throws java.net.MalformedURLException,org.openqa.selenium.InvalidElementStateException,java.rmi.UnexpectedException]]>
              </value>
            </param>
          </params>
          <reporter-output>
          </reporter-output>
        </test-method> <!-- longTest -->
        <test-method status="PASS" signature="longTest(java.lang.String, java.lang.String, java.lang.String, java.lang.reflect.Method)[pri:0, instance:com.saucelabs.Tests.LongTest@5419f379]" name="longTest" duration-ms="119669" started-at="2018-04-27T15:24:49Z" data-provider="devices" finished-at="2018-04-27T15:26:49Z">
          <params>
            <param index="0">
              <value>
                <![CDATA[Android]]>
              </value>
            </param>
            <param index="1">
              <value>
                <![CDATA[Samsung Galaxy S8 Plus GoogleAPI Emulator]]>
              </value>
            </param>
            <param index="2">
              <value>
                <![CDATA[7.1]]>
              </value>
            </param>
            <param index="3">
              <value>
                <![CDATA[public void com.saucelabs.Tests.LongTest.longTest(java.lang.String,java.lang.String,java.lang.String,java.lang.reflect.Method) throws java.net.MalformedURLException,org.openqa.selenium.InvalidElementStateException,java.rmi.UnexpectedException]]>
              </value>
            </param>
          </params>
          <reporter-output>
          </reporter-output>
        </test-method> <!-- longTest -->
        <test-method status="PASS" signature="longTest(java.lang.String, java.lang.String, java.lang.String, java.lang.reflect.Method)[pri:0, instance:com.saucelabs.Tests.LongTest@5419f379]" name="longTest" duration-ms="122102" started-at="2018-04-27T15:24:49Z" data-provider="devices" finished-at="2018-04-27T15:26:51Z">
          <params>
            <param index="0">
              <value>
                <![CDATA[Android]]>
              </value>
            </param>
            <param index="1">
              <value>
                <![CDATA[Samsung Galaxy S7 GoogleAPI Emulator]]>
              </value>
            </param>
            <param index="2">
              <value>
                <![CDATA[7.1]]>
              </value>
            </param>
            <param index="3">
              <value>
                <![CDATA[public void com.saucelabs.Tests.LongTest.longTest(java.lang.String,java.lang.String,java.lang.String,java.lang.reflect.Method) throws java.net.MalformedURLException,org.openqa.selenium.InvalidElementStateException,java.rmi.UnexpectedException]]>
              </value>
            </param>
          </params>
          <reporter-output>
          </reporter-output>
        </test-method> <!-- longTest -->
        <test-method status="PASS" signature="longTest(java.lang.String, java.lang.String, java.lang.String, java.lang.reflect.Method)[pri:0, instance:com.saucelabs.Tests.LongTest@5419f379]" name="longTest" duration-ms="115024" started-at="2018-04-27T15:24:49Z" data-provider="devices" finished-at="2018-04-27T15:26:44Z">
          <params>
            <param index="0">
              <value>
                <![CDATA[Android]]>
              </value>
            </param>
            <param index="1">
              <value>
                <![CDATA[Samsung Galaxy S6 GoogleAPI Emulator]]>
              </value>
            </param>
            <param index="2">
              <value>
                <![CDATA[7.1]]>
              </value>
            </param>
            <param index="3">
              <value>
                <![CDATA[public void com.saucelabs.Tests.LongTest.longTest(java.lang.String,java.lang.String,java.lang.String,java.lang.reflect.Method) throws java.net.MalformedURLException,org.openqa.selenium.InvalidElementStateException,java.rmi.UnexpectedException]]>
              </value>
            </param>
          </params>
          <reporter-output>
          </reporter-output>
        </test-method> <!-- longTest -->
        <test-method status="PASS" signature="longTest(java.lang.String, java.lang.String, java.lang.String, java.lang.reflect.Method)[pri:0, instance:com.saucelabs.Tests.LongTest@5419f379]" name="longTest" duration-ms="119449" started-at="2018-04-27T15:24:49Z" data-provider="devices" finished-at="2018-04-27T15:26:49Z">
          <params>
            <param index="0">
              <value>
                <![CDATA[Android]]>
              </value>
            </param>
            <param index="1">
              <value>
                <![CDATA[Samsung Galaxy S8 GoogleAPI Emulator]]>
              </value>
            </param>
            <param index="2">
              <value>
                <![CDATA[7.1]]>
              </value>
            </param>
            <param index="3">
              <value>
                <![CDATA[public void com.saucelabs.Tests.LongTest.longTest(java.lang.String,java.lang.String,java.lang.String,java.lang.reflect.Method) throws java.net.MalformedURLException,org.openqa.selenium.InvalidElementStateException,java.rmi.UnexpectedException]]>
              </value>
            </param>
          </params>
          <reporter-output>
          </reporter-output>
        </test-method> <!-- longTest -->
        <test-method status="PASS" signature="tearDown(org.testng.ITestResult)[pri:0, instance:com.saucelabs.Tests.LongTest@5419f379]" name="tearDown" is-config="true" duration-ms="1365" started-at="2018-04-27T15:26:44Z" finished-at="2018-04-27T15:26:46Z">
          <params>
            <param index="0">
              <value>
                <![CDATA[[TestResult name=longTest status=SUCCESS method=LongTest.longTest(java.lang.String, java.lang.String, java.lang.String, java.lang.reflect.Method)[pri:0, instance:com.saucelabs.Tests.LongTest@5419f379] output={null}]]]>
              </value>
            </param>
          </params>
          <reporter-output>
          </reporter-output>
        </test-method> <!-- tearDown -->
        <test-method status="PASS" signature="tearDown(org.testng.ITestResult)[pri:0, instance:com.saucelabs.Tests.LongTest@5419f379]" name="tearDown" is-config="true" duration-ms="2352" started-at="2018-04-27T15:26:44Z" finished-at="2018-04-27T15:26:47Z">
          <params>
            <param index="0">
              <value>
                <![CDATA[[TestResult name=longTest status=SUCCESS method=LongTest.longTest(java.lang.String, java.lang.String, java.lang.String, java.lang.reflect.Method)[pri:0, instance:com.saucelabs.Tests.LongTest@5419f379] output={null}]]]>
              </value>
            </param>
          </params>
          <reporter-output>
          </reporter-output>
        </test-method> <!-- tearDown -->
        <test-method status="PASS" signature="tearDown(org.testng.ITestResult)[pri:0, instance:com.saucelabs.Tests.LongTest@5419f379]" name="tearDown" is-config="true" duration-ms="988" started-at="2018-04-27T15:26:49Z" finished-at="2018-04-27T15:26:50Z">
          <params>
            <param index="0">
              <value>
                <![CDATA[[TestResult name=longTest status=SUCCESS method=LongTest.longTest(java.lang.String, java.lang.String, java.lang.String, java.lang.reflect.Method)[pri:0, instance:com.saucelabs.Tests.LongTest@5419f379] output={null}]]]>
              </value>
            </param>
          </params>
          <reporter-output>
          </reporter-output>
        </test-method> <!-- tearDown -->
        <test-method status="PASS" signature="tearDown(org.testng.ITestResult)[pri:0, instance:com.saucelabs.Tests.LongTest@5419f379]" name="tearDown" is-config="true" duration-ms="1016" started-at="2018-04-27T15:26:49Z" finished-at="2018-04-27T15:26:50Z">
          <params>
            <param index="0">
              <value>
                <![CDATA[[TestResult name=longTest status=SUCCESS method=LongTest.longTest(java.lang.String, java.lang.String, java.lang.String, java.lang.reflect.Method)[pri:0, instance:com.saucelabs.Tests.LongTest@5419f379] output={null}]]]>
              </value>
            </param>
          </params>
          <reporter-output>
          </reporter-output>
        </test-method> <!-- tearDown -->
        <test-method status="PASS" signature="tearDown(org.testng.ITestResult)[pri:0, instance:com.saucelabs.Tests.LongTest@5419f379]" name="tearDown" is-config="true" duration-ms="1138" started-at="2018-04-27T15:26:51Z" finished-at="2018-04-27T15:26:52Z">
          <params>
            <param index="0">
              <value>
                <![CDATA[[TestResult name=longTest status=SUCCESS method=LongTest.longTest(java.lang.String, java.lang.String, java.lang.String, java.lang.reflect.Method)[pri:0, instance:com.saucelabs.Tests.LongTest@5419f379] output={null}]]]>
              </value>
            </param>
          </params>
          <reporter-output>
          </reporter-output>
        </test-method> <!-- tearDown -->
      </class> <!-- com.saucelabs.Tests.LongTest -->
      <class name="com.saucelabs.Tests.TwoPlusTwoTest">
        <test-method status="PASS" signature="twoPlusTwoOperation(java.lang.String, java.lang.String, java.lang.String, java.lang.reflect.Method)[pri:0, instance:com.saucelabs.Tests.TwoPlusTwoTest@4520ebad]" name="twoPlusTwoOperation" duration-ms="73403" started-at="2018-04-27T15:26:52Z" data-provider="devices" finished-at="2018-04-27T15:28:06Z">
          <params>
            <param index="0">
              <value>
                <![CDATA[Android]]>
              </value>
            </param>
            <param index="1">
              <value>
                <![CDATA[Samsung Galaxy S8 Plus GoogleAPI Emulator]]>
              </value>
            </param>
            <param index="2">
              <value>
                <![CDATA[7.1]]>
              </value>
            </param>
            <param index="3">
              <value>
                <![CDATA[public void com.saucelabs.Tests.TwoPlusTwoTest.twoPlusTwoOperation(java.lang.String,java.lang.String,java.lang.String,java.lang.reflect.Method) throws java.net.MalformedURLException,org.openqa.selenium.InvalidElementStateException,java.rmi.UnexpectedException]]>
              </value>
            </param>
          </params>
          <reporter-output>
          </reporter-output>
        </test-method> <!-- twoPlusTwoOperation -->
        <test-method status="PASS" signature="twoPlusTwoOperation(java.lang.String, java.lang.String, java.lang.String, java.lang.reflect.Method)[pri:0, instance:com.saucelabs.Tests.TwoPlusTwoTest@4520ebad]" name="twoPlusTwoOperation" duration-ms="73314" started-at="2018-04-27T15:26:52Z" data-provider="devices" finished-at="2018-04-27T15:28:06Z">
          <params>
            <param index="0">
              <value>
                <![CDATA[Android]]>
              </value>
            </param>
            <param index="1">
              <value>
                <![CDATA[Samsung Galaxy S7 GoogleAPI Emulator]]>
              </value>
            </param>
            <param index="2">
              <value>
                <![CDATA[7.1]]>
              </value>
            </param>
            <param index="3">
              <value>
                <![CDATA[public void com.saucelabs.Tests.TwoPlusTwoTest.twoPlusTwoOperation(java.lang.String,java.lang.String,java.lang.String,java.lang.reflect.Method) throws java.net.MalformedURLException,org.openqa.selenium.InvalidElementStateException,java.rmi.UnexpectedException]]>
              </value>
            </param>
          </params>
          <reporter-output>
          </reporter-output>
        </test-method> <!-- twoPlusTwoOperation -->
        <test-method status="PASS" signature="twoPlusTwoOperation(java.lang.String, java.lang.String, java.lang.String, java.lang.reflect.Method)[pri:0, instance:com.saucelabs.Tests.TwoPlusTwoTest@4520ebad]" name="twoPlusTwoOperation" duration-ms="72184" started-at="2018-04-27T15:26:52Z" data-provider="devices" finished-at="2018-04-27T15:28:05Z">
          <params>
            <param index="0">
              <value>
                <![CDATA[Android]]>
              </value>
            </param>
            <param index="1">
              <value>
                <![CDATA[Samsung Galaxy S7 Edge GoogleAPI Emulator]]>
              </value>
            </param>
            <param index="2">
              <value>
                <![CDATA[7.1]]>
              </value>
            </param>
            <param index="3">
              <value>
                <![CDATA[public void com.saucelabs.Tests.TwoPlusTwoTest.twoPlusTwoOperation(java.lang.String,java.lang.String,java.lang.String,java.lang.reflect.Method) throws java.net.MalformedURLException,org.openqa.selenium.InvalidElementStateException,java.rmi.UnexpectedException]]>
              </value>
            </param>
          </params>
          <reporter-output>
          </reporter-output>
        </test-method> <!-- twoPlusTwoOperation -->
        <test-method status="PASS" signature="twoPlusTwoOperation(java.lang.String, java.lang.String, java.lang.String, java.lang.reflect.Method)[pri:0, instance:com.saucelabs.Tests.TwoPlusTwoTest@4520ebad]" name="twoPlusTwoOperation" duration-ms="73164" started-at="2018-04-27T15:26:52Z" data-provider="devices" finished-at="2018-04-27T15:28:06Z">
          <params>
            <param index="0">
              <value>
                <![CDATA[Android]]>
              </value>
            </param>
            <param index="1">
              <value>
                <![CDATA[Samsung Galaxy S6 GoogleAPI Emulator]]>
              </value>
            </param>
            <param index="2">
              <value>
                <![CDATA[7.1]]>
              </value>
            </param>
            <param index="3">
              <value>
                <![CDATA[public void com.saucelabs.Tests.TwoPlusTwoTest.twoPlusTwoOperation(java.lang.String,java.lang.String,java.lang.String,java.lang.reflect.Method) throws java.net.MalformedURLException,org.openqa.selenium.InvalidElementStateException,java.rmi.UnexpectedException]]>
              </value>
            </param>
          </params>
          <reporter-output>
          </reporter-output>
        </test-method> <!-- twoPlusTwoOperation -->
        <test-method status="PASS" signature="twoPlusTwoOperation(java.lang.String, java.lang.String, java.lang.String, java.lang.reflect.Method)[pri:0, instance:com.saucelabs.Tests.TwoPlusTwoTest@4520ebad]" name="twoPlusTwoOperation" duration-ms="74368" started-at="2018-04-27T15:26:52Z" data-provider="devices" finished-at="2018-04-27T15:28:07Z">
          <params>
            <param index="0">
              <value>
                <![CDATA[Android]]>
              </value>
            </param>
            <param index="1">
              <value>
                <![CDATA[Samsung Galaxy S8 GoogleAPI Emulator]]>
              </value>
            </param>
            <param index="2">
              <value>
                <![CDATA[7.1]]>
              </value>
            </param>
            <param index="3">
              <value>
                <![CDATA[public void com.saucelabs.Tests.TwoPlusTwoTest.twoPlusTwoOperation(java.lang.String,java.lang.String,java.lang.String,java.lang.reflect.Method) throws java.net.MalformedURLException,org.openqa.selenium.InvalidElementStateException,java.rmi.UnexpectedException]]>
              </value>
            </param>
          </params>
          <reporter-output>
          </reporter-output>
        </test-method> <!-- twoPlusTwoOperation -->
        <test-method status="PASS" signature="tearDown(org.testng.ITestResult)[pri:0, instance:com.saucelabs.Tests.TwoPlusTwoTest@4520ebad]" name="tearDown" is-config="true" duration-ms="1013" started-at="2018-04-27T15:28:05Z" finished-at="2018-04-27T15:28:06Z">
          <params>
            <param index="0">
              <value>
                <![CDATA[[TestResult name=twoPlusTwoOperation status=SUCCESS method=TwoPlusTwoTest.twoPlusTwoOperation(java.lang.String, java.lang.String, java.lang.String, java.lang.reflect.Method)[pri:0, instance:com.saucelabs.Tests.TwoPlusTwoTest@4520ebad] output={null}]]]>
              </value>
            </param>
          </params>
          <reporter-output>
          </reporter-output>
        </test-method> <!-- tearDown -->
        <test-method status="PASS" signature="tearDown(org.testng.ITestResult)[pri:0, instance:com.saucelabs.Tests.TwoPlusTwoTest@4520ebad]" name="tearDown" is-config="true" duration-ms="993" started-at="2018-04-27T15:28:06Z" finished-at="2018-04-27T15:28:07Z">
          <params>
            <param index="0">
              <value>
                <![CDATA[[TestResult name=twoPlusTwoOperation status=SUCCESS method=TwoPlusTwoTest.twoPlusTwoOperation(java.lang.String, java.lang.String, java.lang.String, java.lang.reflect.Method)[pri:0, instance:com.saucelabs.Tests.TwoPlusTwoTest@4520ebad] output={null}]]]>
              </value>
            </param>
          </params>
          <reporter-output>
          </reporter-output>
        </test-method> <!-- tearDown -->
        <test-method status="PASS" signature="tearDown(org.testng.ITestResult)[pri:0, instance:com.saucelabs.Tests.TwoPlusTwoTest@4520ebad]" name="tearDown" is-config="true" duration-ms="1228" started-at="2018-04-27T15:28:06Z" finished-at="2018-04-27T15:28:07Z">
          <params>
            <param index="0">
              <value>
                <![CDATA[[TestResult name=twoPlusTwoOperation status=SUCCESS method=TwoPlusTwoTest.twoPlusTwoOperation(java.lang.String, java.lang.String, java.lang.String, java.lang.reflect.Method)[pri:0, instance:com.saucelabs.Tests.TwoPlusTwoTest@4520ebad] output={null}]]]>
              </value>
            </param>
          </params>
          <reporter-output>
          </reporter-output>
        </test-method> <!-- tearDown -->
        <test-method status="PASS" signature="tearDown(org.testng.ITestResult)[pri:0, instance:com.saucelabs.Tests.TwoPlusTwoTest@4520ebad]" name="tearDown" is-config="true" duration-ms="1080" started-at="2018-04-27T15:28:06Z" finished-at="2018-04-27T15:28:07Z">
          <params>
            <param index="0">
              <value>
                <![CDATA[[TestResult name=twoPlusTwoOperation status=SUCCESS method=TwoPlusTwoTest.twoPlusTwoOperation(java.lang.String, java.lang.String, java.lang.String, java.lang.reflect.Method)[pri:0, instance:com.saucelabs.Tests.TwoPlusTwoTest@4520ebad] output={null}]]]>
              </value>
            </param>
          </params>
          <reporter-output>
          </reporter-output>
        </test-method> <!-- tearDown -->
        <test-method status="PASS" signature="tearDown(org.testng.ITestResult)[pri:0, instance:com.saucelabs.Tests.TwoPlusTwoTest@4520ebad]" name="tearDown" is-config="true" duration-ms="2462" started-at="2018-04-27T15:28:07Z" finished-at="2018-04-27T15:28:09Z">
          <params>
            <param index="0">
              <value>
                <![CDATA[[TestResult name=twoPlusTwoOperation status=SUCCESS method=TwoPlusTwoTest.twoPlusTwoOperation(java.lang.String, java.lang.String, java.lang.String, java.lang.reflect.Method)[pri:0, instance:com.saucelabs.Tests.TwoPlusTwoTest@4520ebad] output={null}]]]>
              </value>
            </param>
          </params>
          <reporter-output>
          </reporter-output>
        </test-method> <!-- tearDown -->
      </class> <!-- com.saucelabs.Tests.TwoPlusTwoTest -->
    </test> <!-- Command line test -->
  </suite> <!-- Command line suite -->
</testng-results>
